[ +266 ms] Artifact Instance of 'MaterialFonts' is not required, skipping update.
[   +1 ms] Artifact Instance of 'GradleWrapper' is not required, skipping update.
[        ] Artifact Instance of 'AndroidGenSnapshotArtifacts' is not required, skipping update.
[        ] Artifact Instance of 'AndroidInternalBuildArtifacts' is not required, skipping update.
[        ] Artifact Instance of 'IOSEngineArtifacts' is not required, skipping update.
[        ] Artifact Instance of 'FlutterWebSdk' is not required, skipping update.
[   +1 ms] Artifact Instance of 'LegacyCanvasKitRemover' is not required, skipping update.
[        ] Artifact Instance of 'FlutterSdk' is not required, skipping update.
[        ] Artifact Instance of 'WindowsEngineArtifacts' is not required, skipping update.
[        ] Artifact Instance of 'MacOSEngineArtifacts' is not required, skipping update.
[        ] Artifact Instance of 'LinuxEngineArtifacts' is not required, skipping update.
[        ] Artifact Instance of 'LinuxFuchsiaSDKArtifacts' is not required, skipping update.
[        ] Artifact Instance of 'MacOSFuchsiaSDKArtifacts' is not required, skipping update.
[        ] Artifact Instance of 'FlutterRunnerSDKArtifacts' is not required, skipping update.
[        ] Artifact Instance of 'FlutterRunnerDebugSymbols' is not required, skipping update.
[        ] Artifact Instance of 'IosUsbArtifacts' is not required, skipping update.
[        ] Artifact Instance of 'IosUsbArtifacts' is not required, skipping update.
[        ] Artifact Instance of 'IosUsbArtifacts' is not required, skipping update.
[        ] Artifact Instance of 'IosUsbArtifacts' is not required, skipping update.
[        ] Artifact Instance of 'IosUsbArtifacts' is not required, skipping update.
[        ] Artifact Instance of 'IosUsbArtifacts' is not required, skipping update.
[        ] Artifact Instance of 'FontSubsetArtifacts' is not required, skipping update.
[        ] Artifact Instance of 'PubDependencies' is not required, skipping update.
[        ] executing: [D:\THABATA\DEVELOP\flutter/] git -c log.showSignature=false log HEAD -n 1 --pretty=format:%ad --date=iso
[  +64 ms] Exit code 0 from: git -c log.showSignature=false log HEAD -n 1 --pretty=format:%ad --date=iso
[        ] 2026-01-28 13:43:12 -0800
[  +18 ms] Artifact Instance of 'AndroidGenSnapshotArtifacts' is not required, skipping update.
[        ] Artifact Instance of 'AndroidInternalBuildArtifacts' is not required, skipping update.
[        ] Artifact Instance of 'IOSEngineArtifacts' is not required, skipping update.
[        ] Artifact Instance of 'FlutterWebSdk' is not required, skipping update.
[        ] Artifact Instance of 'FlutterEngineStamp' is not required, skipping update.
[        ] Artifact Instance of 'LegacyCanvasKitRemover' is not required, skipping update.
[   +3 ms] Artifact Instance of 'WindowsEngineArtifacts' is not required, skipping update.
[        ] Artifact Instance of 'MacOSEngineArtifacts' is not required, skipping update.
[        ] Artifact Instance of 'LinuxEngineArtifacts' is not required, skipping update.
[        ] Artifact Instance of 'LinuxFuchsiaSDKArtifacts' is not required, skipping update.
[        ] Artifact Instance of 'MacOSFuchsiaSDKArtifacts' is not required, skipping update.
[        ] Artifact Instance of 'FlutterRunnerSDKArtifacts' is not required, skipping update.
[        ] Artifact Instance of 'FlutterRunnerDebugSymbols' is not required, skipping update.
[  +52 ms] Artifact Instance of 'MaterialFonts' is not required, skipping update.
[        ] Artifact Instance of 'GradleWrapper' is not required, skipping update.
[   +3 ms] Artifact Instance of 'AndroidInternalBuildArtifacts' is not required, skipping update.
[        ] Artifact Instance of 'IOSEngineArtifacts' is not required, skipping update.
[        ] Artifact Instance of 'FlutterWebSdk' is not required, skipping update.
[        ] Artifact Instance of 'FlutterEngineStamp' is not required, skipping update.
[        ] Artifact Instance of 'LegacyCanvasKitRemover' is not required, skipping update.
[        ] Artifact Instance of 'FlutterSdk' is not required, skipping update.
[        ] Artifact Instance of 'WindowsEngineArtifacts' is not required, skipping update.
[        ] Artifact Instance of 'MacOSEngineArtifacts' is not required, skipping update.
[        ] Artifact Instance of 'LinuxEngineArtifacts' is not required, skipping update.
[        ] Artifact Instance of 'LinuxFuchsiaSDKArtifacts' is not required, skipping update.
[        ] Artifact Instance of 'MacOSFuchsiaSDKArtifacts' is not required, skipping update.
[        ] Artifact Instance of 'FlutterRunnerSDKArtifacts' is not required, skipping update.
[        ] Artifact Instance of 'FlutterRunnerDebugSymbols' is not required, skipping update.
[        ] Artifact Instance of 'IosUsbArtifacts' is not required, skipping update.
[        ] Artifact Instance of 'IosUsbArtifacts' is not required, skipping update.
[        ] Artifact Instance of 'IosUsbArtifacts' is not required, skipping update.
[        ] Artifact Instance of 'IosUsbArtifacts' is not required, skipping update.
[        ] Artifact Instance of 'IosUsbArtifacts' is not required, skipping update.
[        ] Artifact Instance of 'IosUsbArtifacts' is not required, skipping update.
[        ] Artifact Instance of 'FontSubsetArtifacts' is not required, skipping update.
[        ] Artifact Instance of 'PubDependencies' is not required, skipping update.
[  +89 ms] Skipping pub get: version match.
[ +234 ms] Found plugin shared_preferences at C:\Users\andre\AppData\Local\Pub\Cache\hosted\pub.dev\shared_preferences-2.5.4\
[   +4 ms] Found plugin shared_preferences_windows at C:\Users\andre\AppData\Local\Pub\Cache\hosted\pub.dev\shared_preferences_windows-2.4.1\
[   +4 ms] Found plugin path_provider_windows at C:\Users\andre\AppData\Local\Pub\Cache\hosted\pub.dev\path_provider_windows-2.3.0\
[   +4 ms] Found plugin shared_preferences_web at C:\Users\andre\AppData\Local\Pub\Cache\hosted\pub.dev\shared_preferences_web-2.4.3\
[   +3 ms] Found plugin shared_preferences_linux at C:\Users\andre\AppData\Local\Pub\Cache\hosted\pub.dev\shared_preferences_linux-2.4.1\
[   +3 ms] Found plugin path_provider_linux at C:\Users\andre\AppData\Local\Pub\Cache\hosted\pub.dev\path_provider_linux-2.2.1\
[   +3 ms] Found plugin shared_preferences_foundation at C:\Users\andre\AppData\Local\Pub\Cache\hosted\pub.dev\shared_preferences_foundation-2.5.6\
[   +2 ms] Found plugin shared_preferences_android at C:\Users\andre\AppData\Local\Pub\Cache\hosted\pub.dev\shared_preferences_android-2.4.20\
[   +4 ms] Found plugin printing at C:\Users\andre\AppData\Local\Pub\Cache\hosted\pub.dev\printing-5.14.2\
[  +18 ms] Found plugin path_provider at C:\Users\andre\AppData\Local\Pub\Cache\hosted\pub.dev\path_provider-2.1.5\
[   +2 ms] Found plugin path_provider_foundation at C:\Users\andre\AppData\Local\Pub\Cache\hosted\pub.dev\path_provider_foundation-2.6.0\
[   +9 ms] Found plugin path_provider_android at C:\Users\andre\AppData\Local\Pub\Cache\hosted\pub.dev\path_provider_android-2.2.22\
[   +3 ms] Found plugin gertec_pos_printer at C:\Users\andre\AppData\Local\Pub\Cache\hosted\pub.dev\gertec_pos_printer-1.0.4\
[  +14 ms] Found plugin firebase_core at C:\Users\andre\AppData\Local\Pub\Cache\hosted\pub.dev\firebase_core-4.4.0\
[   +1 ms] Found plugin firebase_core_web at C:\Users\andre\AppData\Local\Pub\Cache\hosted\pub.dev\firebase_core_web-3.4.0\
[   +3 ms] Found plugin firebase_auth at C:\Users\andre\AppData\Local\Pub\Cache\hosted\pub.dev\firebase_auth-6.1.4\
[   +2 ms] Found plugin firebase_auth_web at C:\Users\andre\AppData\Local\Pub\Cache\hosted\pub.dev\firebase_auth_web-6.1.2\
[   +8 ms] Found plugin cloud_firestore at C:\Users\andre\AppData\Local\Pub\Cache\hosted\pub.dev\cloud_firestore-6.1.2\
[   +1 ms] Found plugin cloud_firestore_web at C:\Users\andre\AppData\Local\Pub\Cache\hosted\pub.dev\cloud_firestore_web-5.1.2\
[   +2 ms] Found plugin blue_thermal_printer at C:\Users\andre\AppData\Local\Pub\Cache\hosted\pub.dev\blue_thermal_printer-1.2.3\
[ +111 ms] Found plugin shared_preferences at C:\Users\andre\AppData\Local\Pub\Cache\hosted\pub.dev\shared_preferences-2.5.4\
[   +1 ms] Found plugin shared_preferences_windows at C:\Users\andre\AppData\Local\Pub\Cache\hosted\pub.dev\shared_preferences_windows-2.4.1\
[   +2 ms] Found plugin path_provider_windows at C:\Users\andre\AppData\Local\Pub\Cache\hosted\pub.dev\path_provider_windows-2.3.0\
[   +3 ms] Found plugin shared_preferences_web at C:\Users\andre\AppData\Local\Pub\Cache\hosted\pub.dev\shared_preferences_web-2.4.3\
[   +1 ms] Found plugin shared_preferences_linux at C:\Users\andre\AppData\Local\Pub\Cache\hosted\pub.dev\shared_preferences_linux-2.4.1\
[        ] Found plugin path_provider_linux at C:\Users\andre\AppData\Local\Pub\Cache\hosted\pub.dev\path_provider_linux-2.2.1\
[   +1 ms] Found plugin shared_preferences_foundation at C:\Users\andre\AppData\Local\Pub\Cache\hosted\pub.dev\shared_preferences_foundation-2.5.6\
[   +1 ms] Found plugin shared_preferences_android at C:\Users\andre\AppData\Local\Pub\Cache\hosted\pub.dev\shared_preferences_android-2.4.20\
[   +3 ms] Found plugin printing at C:\Users\andre\AppData\Local\Pub\Cache\hosted\pub.dev\printing-5.14.2\
[  +10 ms] Found plugin path_provider at C:\Users\andre\AppData\Local\Pub\Cache\hosted\pub.dev\path_provider-2.1.5\
[        ] Found plugin path_provider_foundation at C:\Users\andre\AppData\Local\Pub\Cache\hosted\pub.dev\path_provider_foundation-2.6.0\
[   +3 ms] Found plugin path_provider_android at C:\Users\andre\AppData\Local\Pub\Cache\hosted\pub.dev\path_provider_android-2.2.22\
[   +2 ms] Found plugin gertec_pos_printer at C:\Users\andre\AppData\Local\Pub\Cache\hosted\pub.dev\gertec_pos_printer-1.0.4\
[   +5 ms] Found plugin firebase_core at C:\Users\andre\AppData\Local\Pub\Cache\hosted\pub.dev\firebase_core-4.4.0\
[   +1 ms] Found plugin firebase_core_web at C:\Users\andre\AppData\Local\Pub\Cache\hosted\pub.dev\firebase_core_web-3.4.0\
[   +1 ms] Found plugin firebase_auth at C:\Users\andre\AppData\Local\Pub\Cache\hosted\pub.dev\firebase_auth-6.1.4\
[   +1 ms] Found plugin firebase_auth_web at C:\Users\andre\AppData\Local\Pub\Cache\hosted\pub.dev\firebase_auth_web-6.1.2\
[   +4 ms] Found plugin cloud_firestore at C:\Users\andre\AppData\Local\Pub\Cache\hosted\pub.dev\cloud_firestore-6.1.2\
[   +1 ms] Found plugin cloud_firestore_web at C:\Users\andre\AppData\Local\Pub\Cache\hosted\pub.dev\cloud_firestore_web-5.1.2\
[   +1 ms] Found plugin blue_thermal_printer at C:\Users\andre\AppData\Local\Pub\Cache\hosted\pub.dev\blue_thermal_printer-1.2.3\
[  +11 ms] Skipping generating web_plugin_registrant.dart because it is up-to-date.
[  +66 ms] Found plugin shared_preferences at C:\Users\andre\AppData\Local\Pub\Cache\hosted\pub.dev\shared_preferences-2.5.4\
[   +1 ms] Found plugin shared_preferences_windows at C:\Users\andre\AppData\Local\Pub\Cache\hosted\pub.dev\shared_preferences_windows-2.4.1\
[   +3 ms] Found plugin path_provider_windows at C:\Users\andre\AppData\Local\Pub\Cache\hosted\pub.dev\path_provider_windows-2.3.0\
[   +3 ms] Found plugin shared_preferences_web at C:\Users\andre\AppData\Local\Pub\Cache\hosted\pub.dev\shared_preferences_web-2.4.3\
[   +2 ms] Found plugin shared_preferences_linux at C:\Users\andre\AppData\Local\Pub\Cache\hosted\pub.dev\shared_preferences_linux-2.4.1\
[   +1 ms] Found plugin path_provider_linux at C:\Users\andre\AppData\Local\Pub\Cache\hosted\pub.dev\path_provider_linux-2.2.1\
[   +1 ms] Found plugin shared_preferences_foundation at C:\Users\andre\AppData\Local\Pub\Cache\hosted\pub.dev\shared_preferences_foundation-2.5.6\
[   +1 ms] Found plugin shared_preferences_android at C:\Users\andre\AppData\Local\Pub\Cache\hosted\pub.dev\shared_preferences_android-2.4.20\
[   +2 ms] Found plugin printing at C:\Users\andre\AppData\Local\Pub\Cache\hosted\pub.dev\printing-5.14.2\
[  +10 ms] Found plugin path_provider at C:\Users\andre\AppData\Local\Pub\Cache\hosted\pub.dev\path_provider-2.1.5\
[   +1 ms] Found plugin path_provider_foundation at C:\Users\andre\AppData\Local\Pub\Cache\hosted\pub.dev\path_provider_foundation-2.6.0\
[   +3 ms] Found plugin path_provider_android at C:\Users\andre\AppData\Local\Pub\Cache\hosted\pub.dev\path_provider_android-2.2.22\
[   +1 ms] Found plugin gertec_pos_printer at C:\Users\andre\AppData\Local\Pub\Cache\hosted\pub.dev\gertec_pos_printer-1.0.4\
[   +4 ms] Found plugin firebase_core at C:\Users\andre\AppData\Local\Pub\Cache\hosted\pub.dev\firebase_core-4.4.0\
[   +1 ms] Found plugin firebase_core_web at C:\Users\andre\AppData\Local\Pub\Cache\hosted\pub.dev\firebase_core_web-3.4.0\
[   +1 ms] Found plugin firebase_auth at C:\Users\andre\AppData\Local\Pub\Cache\hosted\pub.dev\firebase_auth-6.1.4\
[   +1 ms] Found plugin firebase_auth_web at C:\Users\andre\AppData\Local\Pub\Cache\hosted\pub.dev\firebase_auth_web-6.1.2\
[   +6 ms] Found plugin cloud_firestore at C:\Users\andre\AppData\Local\Pub\Cache\hosted\pub.dev\cloud_firestore-6.1.2\
[   +1 ms] Found plugin cloud_firestore_web at C:\Users\andre\AppData\Local\Pub\Cache\hosted\pub.dev\cloud_firestore_web-5.1.2\
[   +2 ms] Found plugin blue_thermal_printer at C:\Users\andre\AppData\Local\Pub\Cache\hosted\pub.dev\blue_thermal_printer-1.2.3\
[   +6 ms] Generating D:\THABATA\TUCPB\TOTEM\android\app\src\main\java\io\flutter\plugins\GeneratedPluginRegistrant.java
[   +1 ms] Skipping generating GeneratedPluginRegistrant.java because it is up-to-date.
[  +52 ms] executing: C:\Program Files\Android\Android Studio\jbr\bin\java -version
[ +132 ms] Exit code 0 from: C:\Program Files\Android\Android Studio\jbr\bin\java -version
[        ] openjdk version "21.0.8" 2025-07-15
           OpenJDK Runtime Environment (build 21.0.8+-14196175-b1038.72)
           OpenJDK 64-Bit Server VM (build 21.0.8+-14196175-b1038.72, mixed mode)
[  +12 ms] Top-level Gradle build file not found, skipping migration of task "clean".
[   +3 ms] executing: C:\Program Files\Android\Android Studio\jbr\bin\java --version
[ +123 ms] Exit code 0 from: C:\Program Files\Android\Android Studio\jbr\bin\java --version
[        ] openjdk 21.0.8 2025-07-15
           OpenJDK Runtime Environment (build 21.0.8+-14196175-b1038.72)
           OpenJDK 64-Bit Server VM (build 21.0.8+-14196175-b1038.72, mixed mode)
[   +1 ms] Version of Java is different than impacted version, no migration attempted.
[  +13 ms] CMake project not found, skipping support Android 15 16k page size migration.
[   +4 ms] Using gradle from D:\THABATA\TUCPB\TOTEM\android\gradlew.bat.
[  +11 ms] LocalFile: 'D:\THABATA\TUCPB\TOTEM\android\build.gradle.kts' doesn't provide an AGP version. Checking settings.
[   +1 ms] LocalFile: 'D:\THABATA\TUCPB\TOTEM\android\settings.gradle.kts' provides AGP version: 8.11.1
[  +33 ms] Running Gradle task 'assembleRelease'...
[   +1 ms] executing: [D:\THABATA\TUCPB\TOTEM\android/] D:\THABATA\TUCPB\TOTEM\android\gradlew.bat --full-stacktrace --info -Pverbose=true -Ptarget-platform=android-arm,android-arm64,android-x64 -Ptarget=lib\main.dart -Pbase-application-name=android.app.Application -Pdart-defines=RkxVVFRFUl9WRVJTSU9OPTMuMzguOQ==,RkxVVFRFUl9DSEFOTkVMPXN0YWJsZQ==,RkxVVFRFUl9HSVRfVVJMPWh0dHBzOi8vZ2l0aHViLmNvbS9mbHV0dGVyL2ZsdXR0ZXIuZ2l0,RkxVVFRFUl9GUkFNRVdPUktfUkVWSVNJT049NjczMjNkZTI4NQ==,RkxVVFRFUl9FTkdJTkVfUkVWSVNJT049NTg3YzE4Zjg3Mw==,RkxVVFRFUl9EQVJUX1ZFUlNJT049My4xMC44 -Pdart-obfuscation=false -Ptrack-widget-creation=true -Ptree-shake-icons=true assembleRelease
[ +722 ms] Initialized native services in: C:\Users\andre\.gradle\native
[   +1 ms] Initialized jansi services in: C:\Users\andre\.gradle\native
[ +322 ms] Found daemon DaemonInfo{pid=23620, address=[dfb45acc-83dc-4935-877f-55fa1c262f60 port:53283, addresses:[/127.0.0.1]], state=Idle, lastBusy=1771892359896, context=DefaultDaemonContext[uid=2d6549ed-7e0b-4a72-bc73-5c75cb08995f,javaHome=C:\Users\andre\.gemini\antigravity\scratch\java\java-1.8.0-openjdk-1.8.0.392-1.b08.redhat.windows.x86_64,javaVersion=8,javaVendor=Red Hat, Inc.,daemonRegistryDir=C:\Users\andre\.gradle\daemon,pid=23620,idleTimeout=10800000,priority=NORMAL,applyInstrumentationAgent=true,nativeServicesMode=ENABLED,daemonOpts=-XX:MaxMetaspaceSize=4G,-XX:ReservedCodeCacheSize=512m,-XX:+HeapDumpOnOutOfMemoryError,-Xmx8G,-Dfile.encoding=UTF-8,-Duser.country=BR,-Duser.language=pt,-Duser.variant]} however its context does not match the desired criteria.
[        ] JVM is incompatible.
[        ] Wanted: DaemonRequestContext{jvmCriteria=C:\Program Files\Android\Android Studio\jbr (no JDK specified, using current Java home), daemonOpts=[-XX:MaxMetaspaceSize=4G, -XX:ReservedCodeCacheSize=512m, -XX:+HeapDumpOnOutOfMemoryError, -Xmx8G, -Dfile.encoding=UTF-8, -Duser.country=BR, -Duser.language=pt, -Duser.variant], applyInstrumentationAgent=true, nativeServicesMode=ENABLED, priority=NORMAL}
[        ] Actual: DefaultDaemonContext[uid=2d6549ed-7e0b-4a72-bc73-5c75cb08995f,javaHome=C:\Users\andre\.gemini\antigravity\scratch\java\java-1.8.0-openjdk-1.8.0.392-1.b08.redhat.windows.x86_64,javaVersion=8,javaVendor=Red Hat, Inc.,daemonRegistryDir=C:\Users\andre\.gradle\daemon,pid=23620,idleTimeout=10800000,priority=NORMAL,applyInstrumentationAgent=true,nativeServicesMode=ENABLED,daemonOpts=-XX:MaxMetaspaceSize=4G,-XX:ReservedCodeCacheSize=512m,-XX:+HeapDumpOnOutOfMemoryError,-Xmx8G,-Dfile.encoding=UTF-8,-Duser.country=BR,-Duser.language=pt,-Duser.variant]
[        ]   Looking for a different daemon...
[ +107 ms] The client will now receive all logging from the daemon (pid: 26332). The daemon log file: C:\Users\andre\.gradle\daemon\8.14\daemon-26332.out.log
[   +1 ms] Starting 3rd build in daemon [uptime: 1 mins 47.535 secs, performance: 100%, GC rate: 0.00/s, heap usage: 0% of 8 GiB, non-heap usage: 5% of 4 GiB]
[   +1 ms] Using 12 worker leases.
[        ] Now considering [D:\THABATA\TUCPB\TOTEM\android, D:\THABATA\DEVELOP\flutter\packages\flutter_tools\gradle] as hierarchies to watch
[        ] Watching the file system is configured to be enabled if available
[  +93 ms] File system watching is active
[        ] Starting Build
[        ] Now considering [D:\THABATA\DEVELOP\flutter\packages\flutter_tools\gradle, D:\THABATA\TUCPB\TOTEM\android] as hierarchies to watch
[ +201 ms] > Configure project :gradle
[        ] Evaluating project ':gradle' using build file 'D:\THABATA\DEVELOP\flutter\packages\flutter_tools\gradle\build.gradle.kts'.
[        ] Resolved plugin [id: 'org.gradle.java-gradle-plugin']
[        ] Resolved plugin [id: 'org.gradle.groovy']
[        ] Resolved plugin [id: 'org.gradle.kotlin.kotlin-dsl', version: '5.2.0']
[        ] Resolved plugin [id: 'org.jetbrains.kotlin.jvm', version: '1.9.20']
[        ] Using Kotlin Gradle Plugin gradle85 variant
[        ] kotlin scripting plugin: created the scripting discovery configuration: kotlinScriptDef
[        ] kotlin scripting plugin: created the scripting discovery configuration: testKotlinScriptDef
[        ] file or directory 'D:\THABATA\DEVELOP\flutter\packages\flutter_tools\gradle\src\main\java', not found
[        ] Resolved plugin [id: 'dev.flutter.flutter-plugin-loader', version: '1.0.0']
[        ] Resolved plugin [id: 'com.android.application', version: '8.11.1', apply: false]
[        ] Resolved plugin [id: 'com.google.gms.google-services', version: '4.3.15', apply: false]
[        ] Resolved plugin [id: 'org.jetbrains.kotlin.android', version: '2.2.20', apply: false]
[  +88 ms] Resolve mutations for :gradle:checkKotlinGradlePluginConfigurationErrors (Thread[#350,Execution worker,5,main]) started.
[        ] :gradle:checkKotlinGradlePluginConfigurationErrors (Thread[#350,Execution worker,5,main]) started.
[        ] > Task :gradle:checkKotlinGradlePluginConfigurationErrors SKIPPED
[        ] Skipping task ':gradle:checkKotlinGradlePluginConfigurationErrors' as task onlyIf 'errorDiagnostics are present' is false.
[        ] Resolve mutations for :gradle:compileKotlin (Thread[#350,Execution worker,5,main]) started.
[        ] :gradle:compileKotlin (Thread[#349,included builds,5,main]) started.
[        ] > Task :gradle:compileKotlin UP-TO-DATE
[        ] Caching disabled for task ':gradle:compileKotlin' because:
[        ]   Build cache is disabled
[        ] Skipping task ':gradle:compileKotlin' as it is up-to-date.
[        ] Resolve mutations for :gradle:compileJava (Thread[#349,included builds,5,main]) started.
[        ] :gradle:compileJava (Thread[#349,included builds,5,main]) started.
[        ] > Task :gradle:compileJava NO-SOURCE
[        ] Skipping task ':gradle:compileJava' as it has no source files and no previous output files.
[        ] Resolve mutations for :gradle:compileGroovy (Thread[#349,included builds,5,main]) started.
[        ] :gradle:compileGroovy (Thread[#349,included builds,5,main]) started.
[ +106 ms] > Task :gradle:compileGroovy NO-SOURCE
[        ] Skipping task ':gradle:compileGroovy' as it has no source files and no previous output files.
[        ] Resolve mutations for :gradle:pluginDescriptors (Thread[#360,Execution worker Thread 11,5,main]) started.
[        ] :gradle:pluginDescriptors (Thread[#360,Execution worker Thread 11,5,main]) started.
[        ] > Task :gradle:pluginDescriptors UP-TO-DATE
[        ] Caching disabled for task ':gradle:pluginDescriptors' because:
[        ]   Build cache is disabled
[        ]   Not worth caching
[        ] Skipping task ':gradle:pluginDescriptors' as it is up-to-date.
[        ] Resolve mutations for :gradle:processResources (Thread[#360,Execution worker Thread 11,5,main]) started.
[        ] :gradle:processResources (Thread[#360,Execution worker Thread 11,5,main]) started.
[        ] > Task :gradle:processResources UP-TO-DATE
[        ] Caching disabled for task ':gradle:processResources' because:
[        ]   Build cache is disabled
[        ]   Not worth caching
[        ] Skipping task ':gradle:processResources' as it is up-to-date.
[        ] Resolve mutations for :gradle:classes (Thread[#360,Execution worker Thread 11,5,main]) started.
[        ] :gradle:classes (Thread[#360,Execution worker Thread 11,5,main]) started.
[        ] > Task :gradle:classes UP-TO-DATE
[        ] Skipping task ':gradle:classes' as it has no actions.
[        ] Resolve mutations for :gradle:jar (Thread[#360,Execution worker Thread 11,5,main]) started.
[        ] :gradle:jar (Thread[#360,Execution worker Thread 11,5,main]) started.
[        ] > Task :gradle:jar UP-TO-DATE
[        ] Caching disabled for task ':gradle:jar' because:
[        ]   Build cache is disabled
[        ]   Not worth caching
[        ] Skipping task ':gradle:jar' as it is up-to-date.
[  +87 ms] Settings evaluated using settings file 'D:\THABATA\TUCPB\TOTEM\android\settings.gradle.kts'.
[        ] Projects loaded. Root project using build file 'D:\THABATA\TUCPB\TOTEM\android\build.gradle.kts'.
[        ] Included projects: [root project 'android', project ':app', project ':blue_thermal_printer', project ':cloud_firestore', project ':firebase_auth', project ':firebase_core', project ':gertec_pos_printer', project ':path_provider_android', project ':printing', project ':shared_preferences_android']
[ +407 ms] > Configure project :app
[        ] Evaluating project ':app' using build file 'D:\THABATA\TUCPB\TOTEM\android\app\build.gradle.kts'.
[        ] Resolved plugin [id: 'com.android.application']
[        ] Resolved plugin [id: 'com.google.gms.google-services']
[        ] Resolved plugin [id: 'kotlin-android']
[        ] Resolved plugin [id: 'dev.flutter.flutter-gradle-plugin']
[        ] Using default execution profile
[        ] Build b24d3e34-628c-49d5-92bf-ea078c068ecf is started
[        ] Using Kotlin Gradle Plugin gradle813 variant
[        ] C/C++: android.ndkVersion from module build.gradle is [28.2.13676358]
[        ] C/C++: android.ndkPath from module build.gradle is not set
[        ] C/C++: ndk.dir in local.properties is not set
[        ] C/C++: Not considering ANDROID_NDK_HOME because support was removed after deprecation period.
[        ] C/C++: sdkFolder is C:\Users\andre\AppData\Local\Android\sdk
[        ] C/C++: android.ndkVersion from module build.gradle is [28.2.13676358]
[        ] C/C++: android.ndkPath from module build.gradle is not set
[        ] C/C++: ndk.dir in local.properties is not set
[        ] C/C++: Not considering ANDROID_NDK_HOME because support was removed after deprecation period.
[        ] C/C++: sdkFolder is C:\Users\andre\AppData\Local\Android\sdk
[        ] C/C++: android.ndkVersion from module build.gradle is [28.2.13676358]
[        ] C/C++: android.ndkPath from module build.gradle is not set
[        ] C/C++: ndk.dir in local.properties is not set
[        ] C/C++: Not considering ANDROID_NDK_HOME because support was removed after deprecation period.
[        ] C/C++: sdkFolder is C:\Users\andre\AppData\Local\Android\sdk
[        ] C/C++: android.ndkVersion from module build.gradle is [28.2.13676358]
[        ] C/C++: android.ndkPath from module build.gradle is not set
[        ] C/C++: ndk.dir in local.properties is not set
[        ] C/C++: Not considering ANDROID_NDK_HOME because support was removed after deprecation period.
[        ] C/C++: sdkFolder is C:\Users\andre\AppData\Local\Android\sdk
[        ] C/C++: android.ndkVersion from module build.gradle is [28.2.13676358]
[        ] C/C++: android.ndkPath from module build.gradle is not set
[        ] C/C++: ndk.dir in local.properties is not set
[        ] C/C++: Not considering ANDROID_NDK_HOME because support was removed after deprecation period.
[        ] C/C++: sdkFolder is C:\Users\andre\AppData\Local\Android\sdk
[        ] C/C++: android.ndkVersion from module build.gradle is [28.2.13676358]
[        ] C/C++: android.ndkPath from module build.gradle is not set
[        ] C/C++: ndk.dir in local.properties is not set
[        ] C/C++: Not considering ANDROID_NDK_HOME because support was removed after deprecation period.
[        ] C/C++: sdkFolder is C:\Users\andre\AppData\Local\Android\sdk
[        ] C/C++: android.ndkVersion from module build.gradle is [28.2.13676358]
[        ] C/C++: android.ndkPath from module build.gradle is not set
[        ] C/C++: ndk.dir in local.properties is not set
[        ] C/C++: Not considering ANDROID_NDK_HOME because support was removed after deprecation period.
[        ] C/C++: sdkFolder is C:\Users\andre\AppData\Local\Android\sdk
[        ] C/C++: android.ndkVersion from module build.gradle is [28.2.13676358]
[        ] C/C++: android.ndkPath from module build.gradle is not set
[        ] C/C++: ndk.dir in local.properties is not set
[        ] C/C++: Not considering ANDROID_NDK_HOME because support was removed after deprecation period.
[        ] C/C++: sdkFolder is C:\Users\andre\AppData\Local\Android\sdk
[        ] C/C++: android.ndkVersion from module build.gradle is [28.2.13676358]
[        ] C/C++: android.ndkPath from module build.gradle is not set
[        ] C/C++: ndk.dir in local.properties is not set
[        ] C/C++: Not considering ANDROID_NDK_HOME because support was removed after deprecation period.
[        ] C/C++: sdkFolder is C:\Users\andre\AppData\Local\Android\sdk
[        ] C/C++: android.ndkVersion from module build.gradle is [28.2.13676358]
[        ] C/C++: android.ndkPath from module build.gradle is not set
[        ] C/C++: ndk.dir in local.properties is not set
[        ] C/C++: Not considering ANDROID_NDK_HOME because support was removed after deprecation period.
[        ] C/C++: sdkFolder is C:\Users\andre\AppData\Local\Android\sdk
[        ] C/C++: android.ndkVersion from module build.gradle is [28.2.13676358]
[        ] C/C++: android.ndkPath from module build.gradle is not set
[        ] C/C++: ndk.dir in local.properties is not set
[        ] C/C++: Not considering ANDROID_NDK_HOME because support was removed after deprecation period.
[        ] C/C++: sdkFolder is C:\Users\andre\AppData\Local\Android\sdk
[        ] C/C++: android.ndkVersion from module build.gradle is [28.2.13676358]
[        ] C/C++: android.ndkPath from module build.gradle is not set
[        ] C/C++: ndk.dir in local.properties is not set
[        ] C/C++: Not considering ANDROID_NDK_HOME because support was removed after deprecation period.
[        ] C/C++: sdkFolder is C:\Users\andre\AppData\Local\Android\sdk
[        ] C/C++: android.ndkVersion from module build.gradle is [28.2.13676358]
[        ] C/C++: android.ndkPath from module build.gradle is not set
[        ] C/C++: ndk.dir in local.properties is not set
[        ] C/C++: Not considering ANDROID_NDK_HOME because support was removed after deprecation period.
[        ] C/C++: sdkFolder is C:\Users\andre\AppData\Local\Android\sdk
[        ] C/C++: android.ndkVersion from module build.gradle is [28.2.13676358]
[        ] C/C++: android.ndkPath from module build.gradle is not set
[        ] C/C++: ndk.dir in local.properties is not set
[        ] C/C++: Not considering ANDROID_NDK_HOME because support was removed after deprecation period.
[        ] C/C++: sdkFolder is C:\Users\andre\AppData\Local\Android\sdk
[        ] C/C++: android.ndkVersion from module build.gradle is [28.2.13676358]
[        ] C/C++: android.ndkPath from module build.gradle is not set
[        ] C/C++: ndk.dir in local.properties is not set
[        ] C/C++: Not considering ANDROID_NDK_HOME because support was removed after deprecation period.
[        ] C/C++: sdkFolder is C:\Users\andre\AppData\Local\Android\sdk
[        ] C/C++: android.ndkVersion from module build.gradle is [28.2.13676358]
[        ] C/C++: android.ndkPath from module build.gradle is not set
[        ] C/C++: ndk.dir in local.properties is not set
[        ] C/C++: Not considering ANDROID_NDK_HOME because support was removed after deprecation period.
[        ] C/C++: sdkFolder is C:\Users\andre\AppData\Local\Android\sdk
[        ] C/C++: android.ndkVersion from module build.gradle is [28.2.13676358]
[        ] C/C++: android.ndkPath from module build.gradle is not set
[        ] C/C++: ndk.dir in local.properties is not set
[        ] C/C++: Not considering ANDROID_NDK_HOME because support was removed after deprecation period.
[        ] C/C++: sdkFolder is C:\Users\andre\AppData\Local\Android\sdk
[        ] C/C++: android.ndkVersion from module build.gradle is [28.2.13676358]
[        ] C/C++: android.ndkPath from module build.gradle is not set
[        ] C/C++: ndk.dir in local.properties is not set
[        ] C/C++: Not considering ANDROID_NDK_HOME because support was removed after deprecation period.
[        ] C/C++: sdkFolder is C:\Users\andre\AppData\Local\Android\sdk
[        ] C/C++: android.ndkVersion from module build.gradle is [28.2.13676358]
[        ] C/C++: android.ndkPath from module build.gradle is not set
[        ] C/C++: ndk.dir in local.properties is not set
[        ] C/C++: Not considering ANDROID_NDK_HOME because support was removed after deprecation period.
[        ] C/C++: sdkFolder is C:\Users\andre\AppData\Local\Android\sdk
[        ] > Configure project :
[        ] Evaluating root project 'android' using build file 'D:\THABATA\TUCPB\TOTEM\android\build.gradle.kts'.
[  +77 ms] > Configure project :blue_thermal_printer
[        ] Evaluating project ':blue_thermal_printer' using build file 'C:\Users\andre\AppData\Local\Pub\Cache\hosted\pub.dev\blue_thermal_printer-1.2.3\android\build.gradle'.
[        ] Using default execution profile
[        ] Build b24d3e34-628c-49d5-92bf-ea078c068ecf is closed
[        ] [Incubating] Problems report is available at: file:///D:/THABATA/TUCPB/TOTEM/android/build/reports/problems/problems-report.html
flutter : [        ] FAILURE: Build failed with an 
exception.
No linha:1 caractere:1
+ flutter build apk --release --verbose 2>&1 | Out-File 
-FilePath build ...
+ ~~~~~~~~~~~~~~~~~~~~~~~~~~~~~~~~~~~~~~~~~~
    + CategoryInfo          : NotSpecified: ([        ] FA 
   IL...h an exception.:String) [], RemoteException
    + FullyQualifiedErrorId : NativeCommandError
 
[   +1 ms] * What went wrong:
[        ] A problem occurred configuring project 
':blue_thermal_printer'.
[        ] > Could not create an instance of type com.andro
id.build.api.variant.impl.LibraryVariantBuilderImpl.
[        ]    > Namespace not specified. Specify a 
namespace in the module's build file: C:\Users\andre\AppDat
a\Local\Pub\Cache\hosted\pub.dev\blue_thermal_printer-1.2.3
\android\build.gradle. See https://d.android.com/r/tools/up
grade-assistant/set-namespace for information about 
setting the namespace.
[        ]      If you've specified the package attribute 
in the source AndroidManifest.xml, you can use the AGP 
Upgrade Assistant to migrate to the namespace value in the 
build file. Refer to https://d.android.com/r/tools/upgrade-
assistant/agp-upgrade-assistant for general information 
about using the AGP Upgrade Assistant.
[        ] * Try:
[        ] > Run with --debug option to get more log 
output.
[        ] > Run with --scan to get full insights.
[        ] > Get more help at https://help.gradle.org.
[        ] * Exception is:
[        ] org.gradle.api.ProjectConfigurationException: A 
problem occurred configuring project 
':blue_thermal_printer'.
[        ] 	at org.gradle.configuration.project.LifecyclePr
ojectEvaluator.wrapException(LifecycleProjectEvaluator.java
:84)
[        ] 	at org.gradle.configuration.project.LifecyclePr
ojectEvaluator.addConfigurationFailure(LifecycleProjectEval
uator.java:77)
[        ] 	at org.gradle.configuration.project.LifecyclePr
ojectEvaluator.access$500(LifecycleProjectEvaluator.java:55
)
[        ] 	at org.gradle.configuration.project.LifecyclePr
ojectEvaluator$NotifyAfterEvaluate.run(LifecycleProjectEval
uator.java:255)
[        ] 	at org.gradle.internal.operations.DefaultBuildO
perationRunner$1.execute(DefaultBuildOperationRunner.java:3
0)
[        ] 	at org.gradle.internal.operations.DefaultBuildO
perationRunner$1.execute(DefaultBuildOperationRunner.java:2
7)
[        ] 	at org.gradle.internal.operations.DefaultBuildO
perationRunner$2.execute(DefaultBuildOperationRunner.java:6
7)
[        ] 	at org.gradle.internal.operations.DefaultBuildO
perationRunner$2.execute(DefaultBuildOperationRunner.java:6
0)
[        ] 	at org.gradle.internal.operations.DefaultBuildO
perationRunner.execute(DefaultBuildOperationRunner.java:167
)
[        ] 	at org.gradle.internal.operations.DefaultBuildO
perationRunner.execute(DefaultBuildOperationRunner.java:60)
[        ] 	at org.gradle.internal.operations.DefaultBuildO
perationRunner.run(DefaultBuildOperationRunner.java:48)
[        ] 	at org.gradle.configuration.project.LifecyclePr
ojectEvaluator$EvaluateProject.lambda$run$0(LifecycleProjec
tEvaluator.java:114)
[        ] 	at org.gradle.api.internal.project.DefaultProje
ctStateRegistry$ProjectStateImpl.lambda$applyToMutableState
$1(DefaultProjectStateRegistry.java:435)
[        ] 	at org.gradle.api.internal.project.DefaultProje
ctStateRegistry$ProjectStateImpl.lambda$fromMutableState$2(
DefaultProjectStateRegistry.java:458)
[        ] 	at org.gradle.internal.work.DefaultWorkerLeaseS
ervice.withReplacedLocks(DefaultWorkerLeaseService.java:359
)
[        ] 	at org.gradle.api.internal.project.DefaultProje
ctStateRegistry$ProjectStateImpl.fromMutableState(DefaultPr
ojectStateRegistry.java:458)
[        ] 	at org.gradle.api.internal.project.DefaultProje
ctStateRegistry$ProjectStateImpl.applyToMutableState(Defaul
tProjectStateRegistry.java:434)
[        ] 	at org.gradle.configuration.project.LifecyclePr
ojectEvaluator$EvaluateProject.run(LifecycleProjectEvaluato
r.java:100)
[        ] 	at org.gradle.internal.operations.DefaultBuildO
perationRunner$1.execute(DefaultBuildOperationRunner.java:3
0)
[        ] 	at org.gradle.internal.operations.DefaultBuildO
perationRunner$1.execute(DefaultBuildOperationRunner.java:2
7)
[   +1 ms] 	at org.gradle.internal.operations.DefaultBuildO
perationRunner$2.execute(DefaultBuildOperationRunner.java:6
7)
[        ] 	at org.gradle.internal.operations.DefaultBuildO
perationRunner$2.execute(DefaultBuildOperationRunner.java:6
0)
[        ] 	at org.gradle.internal.operations.DefaultBuildO
perationRunner.execute(DefaultBuildOperationRunner.java:167
)
[        ] 	at org.gradle.internal.operations.DefaultBuildO
perationRunner.execute(DefaultBuildOperationRunner.java:60)
[        ] 	at org.gradle.internal.operations.DefaultBuildO
perationRunner.run(DefaultBuildOperationRunner.java:48)
[        ] 	at org.gradle.configuration.project.LifecyclePr
ojectEvaluator.evaluate(LifecycleProjectEvaluator.java:72)
[        ] 	at org.gradle.api.internal.project.DefaultProje
ct.evaluateUnchecked(DefaultProject.java:827)
[        ] 	at org.gradle.api.internal.project.ProjectLifec
ycleController.lambda$ensureSelfConfigured$2(ProjectLifecyc
leController.java:88)
[        ] 	at org.gradle.internal.model.StateTransitionCon
troller.lambda$doTransition$14(StateTransitionController.ja
va:255)
[        ] 	at org.gradle.internal.model.StateTransitionCon
troller.doTransition(StateTransitionController.java:266)
[        ] 	at org.gradle.internal.model.StateTransitionCon
troller.doTransition(StateTransitionController.java:254)
[        ] 	at org.gradle.internal.model.StateTransitionCon
troller.lambda$maybeTransitionIfNotCurrentlyTransitioning$1
0(StateTransitionController.java:199)
[        ] 	at org.gradle.internal.work.DefaultSynchronizer
.withLock(DefaultSynchronizer.java:36)
[        ] 	at org.gradle.internal.model.StateTransitionCon
troller.maybeTransitionIfNotCurrentlyTransitioning(StateTra
nsitionController.java:195)
[        ] 	at org.gradle.api.internal.project.ProjectLifec
ycleController.ensureSelfConfigured(ProjectLifecycleControl
ler.java:88)
[        ] 	at org.gradle.api.internal.project.DefaultProje
ctStateRegistry$ProjectStateImpl.ensureConfigured(DefaultPr
ojectStateRegistry.java:400)
[        ] 	at org.gradle.execution.TaskPathProjectEvaluato
r.configure(TaskPathProjectEvaluator.java:70)
[        ] 	at org.gradle.execution.TaskPathProjectEvaluato
r.configureHierarchy(TaskPathProjectEvaluator.java:86)
[        ] 	at org.gradle.configuration.DefaultProjectsPrep
arer.prepareProjects(DefaultProjectsPreparer.java:50)
[        ] 	at org.gradle.configuration.BuildTreePreparingP
rojectsPreparer.prepareProjects(BuildTreePreparingProjectsP
reparer.java:65)
[        ] 	at org.gradle.configuration.BuildOperationFirin
gProjectsPreparer$ConfigureBuild.run(BuildOperationFiringPr
ojectsPreparer.java:52)
[        ] 	at org.gradle.internal.operations.DefaultBuildO
perationRunner$1.execute(DefaultBuildOperationRunner.java:3
0)
[        ] 	at org.gradle.internal.operations.DefaultBuildO
perationRunner$1.execute(DefaultBuildOperationRunner.java:2
7)
[        ] 	at org.gradle.internal.operations.DefaultBuildO
perationRunner$2.execute(DefaultBuildOperationRunner.java:6
7)
[        ] 	at org.gradle.internal.operations.DefaultBuildO
perationRunner$2.execute(DefaultBuildOperationRunner.java:6
0)
[        ] 	at org.gradle.internal.operations.DefaultBuildO
perationRunner.execute(DefaultBuildOperationRunner.java:167
)
[        ] 	at org.gradle.internal.operations.DefaultBuildO
perationRunner.execute(DefaultBuildOperationRunner.java:60)
[        ] 	at org.gradle.internal.operations.DefaultBuildO
perationRunner.run(DefaultBuildOperationRunner.java:48)
[        ] 	at org.gradle.configuration.BuildOperationFirin
gProjectsPreparer.prepareProjects(BuildOperationFiringProje
ctsPreparer.java:40)
[        ] 	at org.gradle.initialization.VintageBuildModelC
ontroller.lambda$prepareProjects$2(VintageBuildModelControl
ler.java:84)
[        ] 	at org.gradle.internal.model.StateTransitionCon
troller.lambda$doTransition$14(StateTransitionController.ja
va:255)
[        ] 	at org.gradle.internal.model.StateTransitionCon
troller.doTransition(StateTransitionController.java:266)
[        ] 	at org.gradle.internal.model.StateTransitionCon
troller.doTransition(StateTransitionController.java:254)
[        ] 	at org.gradle.internal.model.StateTransitionCon
troller.lambda$transitionIfNotPreviously$11(StateTransition
Controller.java:213)
[        ] 	at org.gradle.internal.work.DefaultSynchronizer
.withLock(DefaultSynchronizer.java:36)
[        ] 	at org.gradle.internal.model.StateTransitionCon
troller.transitionIfNotPreviously(StateTransitionController
.java:209)
[        ] 	at org.gradle.initialization.VintageBuildModelC
ontroller.prepareProjects(VintageBuildModelController.java:
84)
[        ] 	at org.gradle.initialization.VintageBuildModelC
ontroller.prepareToScheduleTasks(VintageBuildModelControlle
r.java:71)
[        ] 	at org.gradle.internal.build.DefaultBuildLifecy
cleController.lambda$prepareToScheduleTasks$6(DefaultBuildL
ifecycleController.java:175)
[        ] 	at org.gradle.internal.model.StateTransitionCon
troller.lambda$doTransition$14(StateTransitionController.ja
va:255)
[        ] 	at org.gradle.internal.model.StateTransitionCon
troller.doTransition(StateTransitionController.java:266)
[        ] 	at org.gradle.internal.model.StateTransitionCon
troller.doTransition(StateTransitionController.java:254)
[        ] 	at org.gradle.internal.model.StateTransitionCon
troller.lambda$maybeTransition$9(StateTransitionController.
java:190)
[        ] 	at org.gradle.internal.work.DefaultSynchronizer
.withLock(DefaultSynchronizer.java:36)
[        ] 	at org.gradle.internal.model.StateTransitionCon
troller.maybeTransition(StateTransitionController.java:186)
[        ] 	at org.gradle.internal.build.DefaultBuildLifecy
cleController.prepareToScheduleTasks(DefaultBuildLifecycleC
ontroller.java:173)
[        ] 	at org.gradle.internal.buildtree.DefaultBuildTr
eeWorkPreparer.scheduleRequestedTasks(DefaultBuildTreeWorkP
reparer.java:36)
[        ] 	at org.gradle.internal.cc.impl.VintageBuildTree
WorkController$scheduleAndRunRequestedTasks$1.apply(Vintage
BuildTreeWorkController.kt:36)
[        ] 	at org.gradle.internal.cc.impl.VintageBuildTree
WorkController$scheduleAndRunRequestedTasks$1.apply(Vintage
BuildTreeWorkController.kt:35)
[        ] 	at org.gradle.composite.internal.DefaultInclude
dBuildTaskGraph.withNewWorkGraph(DefaultIncludedBuildTaskGr
aph.java:112)
[        ] 	at org.gradle.internal.cc.impl.VintageBuildTree
WorkController.scheduleAndRunRequestedTasks(VintageBuildTre
eWorkController.kt:35)
[        ] 	at org.gradle.internal.buildtree.DefaultBuildTr
eeLifecycleController.lambda$scheduleAndRunTasks$1(DefaultB
uildTreeLifecycleController.java:77)
[        ] 	at org.gradle.internal.buildtree.DefaultBuildTr
eeLifecycleController.lambda$runBuild$4(DefaultBuildTreeLif
ecycleController.java:120)
[        ] 	at org.gradle.internal.model.StateTransitionCon
troller.lambda$transition$6(StateTransitionController.java:
169)
[        ] 	at org.gradle.internal.model.StateTransitionCon
troller.doTransition(StateTransitionController.java:266)
[        ] 	at org.gradle.internal.model.StateTransitionCon
troller.lambda$transition$7(StateTransitionController.java:
169)
[        ] 	at org.gradle.internal.work.DefaultSynchronizer
.withLock(DefaultSynchronizer.java:46)
[        ] 	at org.gradle.internal.model.StateTransitionCon
troller.transition(StateTransitionController.java:169)
[        ] 	at org.gradle.internal.buildtree.DefaultBuildTr
eeLifecycleController.runBuild(DefaultBuildTreeLifecycleCon
troller.java:117)
[        ] 	at org.gradle.internal.buildtree.DefaultBuildTr
eeLifecycleController.scheduleAndRunTasks(DefaultBuildTreeL
ifecycleController.java:77)
[        ] 	at org.gradle.internal.buildtree.DefaultBuildTr
eeLifecycleController.scheduleAndRunTasks(DefaultBuildTreeL
ifecycleController.java:72)
[        ] 	at org.gradle.tooling.internal.provider.Execute
BuildActionRunner.run(ExecuteBuildActionRunner.java:31)
[        ] 	at org.gradle.launcher.exec.ChainingBuildAction
Runner.run(ChainingBuildActionRunner.java:35)
[        ] 	at org.gradle.internal.buildtree.ProblemReporti
ngBuildActionRunner.run(ProblemReportingBuildActionRunner.j
ava:49)
[   +1 ms] 	at org.gradle.launcher.exec.BuildOutcomeReporti
ngBuildActionRunner.run(BuildOutcomeReportingBuildActionRun
ner.java:71)
[        ] 	at org.gradle.tooling.internal.provider.FileSys
temWatchingBuildActionRunner.run(FileSystemWatchingBuildAct
ionRunner.java:135)
[        ] 	at org.gradle.launcher.exec.BuildCompletionNoti
fyingBuildActionRunner.run(BuildCompletionNotifyingBuildAct
ionRunner.java:41)
[        ] 	at org.gradle.launcher.exec.RootBuildLifecycleB
uildActionExecutor.lambda$execute$0(RootBuildLifecycleBuild
ActionExecutor.java:54)
[        ] 	at org.gradle.composite.internal.DefaultRootBui
ldState.run(DefaultRootBuildState.java:130)
[        ] 	at org.gradle.launcher.exec.RootBuildLifecycleB
uildActionExecutor.execute(RootBuildLifecycleBuildActionExe
cutor.java:54)
[        ] 	at org.gradle.internal.buildtree.InitDeprecatio
nLoggingActionExecutor.execute(InitDeprecationLoggingAction
Executor.java:62)
[        ] 	at org.gradle.internal.buildtree.InitProblems.e
xecute(InitProblems.java:36)
[        ] 	at org.gradle.internal.buildtree.DefaultBuildTr
eeContext.execute(DefaultBuildTreeContext.java:40)
[        ] 	at org.gradle.launcher.exec.BuildTreeLifecycleB
uildActionExecutor.lambda$execute$0(BuildTreeLifecycleBuild
ActionExecutor.java:71)
[        ] 	at org.gradle.internal.buildtree.BuildTreeState
.run(BuildTreeState.java:60)
[        ] 	at org.gradle.launcher.exec.BuildTreeLifecycleB
uildActionExecutor.execute(BuildTreeLifecycleBuildActionExe
cutor.java:71)
[        ] 	at org.gradle.launcher.exec.RunAsBuildOperation
BuildActionExecutor$2.call(RunAsBuildOperationBuildActionEx
ecutor.java:67)
[        ] 	at org.gradle.launcher.exec.RunAsBuildOperation
BuildActionExecutor$2.call(RunAsBuildOperationBuildActionEx
ecutor.java:63)
[        ] 	at org.gradle.internal.operations.DefaultBuildO
perationRunner$CallableBuildOperationWorker.execute(Default
BuildOperationRunner.java:210)
[        ] 	at org.gradle.internal.operations.DefaultBuildO
perationRunner$CallableBuildOperationWorker.execute(Default
BuildOperationRunner.java:205)
[        ] 	at org.gradle.internal.operations.DefaultBuildO
perationRunner$2.execute(DefaultBuildOperationRunner.java:6
7)
[        ] 	at org.gradle.internal.operations.DefaultBuildO
perationRunner$2.execute(DefaultBuildOperationRunner.java:6
0)
[        ] 	at org.gradle.internal.operations.DefaultBuildO
perationRunner.execute(DefaultBuildOperationRunner.java:167
)
[        ] 	at org.gradle.internal.operations.DefaultBuildO
perationRunner.execute(DefaultBuildOperationRunner.java:60)
[        ] 	at org.gradle.internal.operations.DefaultBuildO
perationRunner.call(DefaultBuildOperationRunner.java:54)
[        ] 	at org.gradle.launcher.exec.RunAsBuildOperation
BuildActionExecutor.execute(RunAsBuildOperationBuildActionE
xecutor.java:63)
[        ] 	at org.gradle.launcher.exec.RunAsWorkerThreadBu
ildActionExecutor.lambda$execute$0(RunAsWorkerThreadBuildAc
tionExecutor.java:36)
[        ] 	at org.gradle.internal.work.DefaultWorkerLeaseS
ervice.withLocks(DefaultWorkerLeaseService.java:263)
[        ] 	at org.gradle.internal.work.DefaultWorkerLeaseS
ervice.runAsWorkerThread(DefaultWorkerLeaseService.java:127
)
[        ] 	at org.gradle.launcher.exec.RunAsWorkerThreadBu
ildActionExecutor.execute(RunAsWorkerThreadBuildActionExecu
tor.java:36)
[        ] 	at org.gradle.tooling.internal.provider.continu
ous.ContinuousBuildActionExecutor.execute(ContinuousBuildAc
tionExecutor.java:110)
[        ] 	at org.gradle.tooling.internal.provider.Subscri
bableBuildActionExecutor.execute(SubscribableBuildActionExe
cutor.java:64)
[        ] 	at org.gradle.internal.session.DefaultBuildSess
ionContext.execute(DefaultBuildSessionContext.java:46)
[        ] 	at org.gradle.internal.buildprocess.execution.B
uildSessionLifecycleBuildActionExecutor$ActionImpl.apply(Bu
ildSessionLifecycleBuildActionExecutor.java:92)
[        ] 	at org.gradle.internal.buildprocess.execution.B
uildSessionLifecycleBuildActionExecutor$ActionImpl.apply(Bu
ildSessionLifecycleBuildActionExecutor.java:80)
[        ] 	at org.gradle.internal.session.BuildSessionStat
e.run(BuildSessionState.java:73)
[        ] 	at org.gradle.internal.buildprocess.execution.B
uildSessionLifecycleBuildActionExecutor.execute(BuildSessio
nLifecycleBuildActionExecutor.java:62)
[        ] 	at org.gradle.internal.buildprocess.execution.B
uildSessionLifecycleBuildActionExecutor.execute(BuildSessio
nLifecycleBuildActionExecutor.java:41)
[        ] 	at org.gradle.internal.buildprocess.execution.S
tartParamsValidatingActionExecutor.execute(StartParamsValid
atingActionExecutor.java:64)
[        ] 	at org.gradle.internal.buildprocess.execution.S
tartParamsValidatingActionExecutor.execute(StartParamsValid
atingActionExecutor.java:32)
[        ] 	at org.gradle.internal.buildprocess.execution.S
essionFailureReportingActionExecutor.execute(SessionFailure
ReportingActionExecutor.java:51)
[        ] 	at org.gradle.internal.buildprocess.execution.S
essionFailureReportingActionExecutor.execute(SessionFailure
ReportingActionExecutor.java:39)
[        ] 	at org.gradle.internal.buildprocess.execution.S
etupLoggingActionExecutor.execute(SetupLoggingActionExecuto
r.java:47)
[        ] 	at org.gradle.internal.buildprocess.execution.S
etupLoggingActionExecutor.execute(SetupLoggingActionExecuto
r.java:31)
[        ] 	at org.gradle.launcher.daemon.server.exec.Execu
teBuild.doBuild(ExecuteBuild.java:70)
[        ] 	at org.gradle.launcher.daemon.server.exec.Build
CommandOnly.execute(BuildCommandOnly.java:37)
[        ] 	at org.gradle.launcher.daemon.server.api.Daemon
CommandExecution.proceed(DaemonCommandExecution.java:104)
[        ] 	at org.gradle.launcher.daemon.server.exec.Watch
ForDisconnection.execute(WatchForDisconnection.java:39)
[        ] 	at org.gradle.launcher.daemon.server.api.Daemon
CommandExecution.proceed(DaemonCommandExecution.java:104)
[        ] 	at org.gradle.launcher.daemon.server.exec.Reset
DeprecationLogger.execute(ResetDeprecationLogger.java:29)
[        ] 	at org.gradle.launcher.daemon.server.api.Daemon
CommandExecution.proceed(DaemonCommandExecution.java:104)
[        ] 	at org.gradle.launcher.daemon.server.exec.Reque
stStopIfSingleUsedDaemon.execute(RequestStopIfSingleUsedDae
mon.java:35)
[        ] 	at org.gradle.launcher.daemon.server.api.Daemon
CommandExecution.proceed(DaemonCommandExecution.java:104)
[        ] 	at org.gradle.launcher.daemon.server.exec.Forwa
rdClientInput.lambda$execute$0(ForwardClientInput.java:40)
[        ] 	at org.gradle.internal.daemon.clientinput.Clien
tInputForwarder.forwardInput(ClientInputForwarder.java:80)
[        ] 	at org.gradle.launcher.daemon.server.exec.Forwa
rdClientInput.execute(ForwardClientInput.java:37)
[        ] 	at org.gradle.launcher.daemon.server.api.Daemon
CommandExecution.proceed(DaemonCommandExecution.java:104)
[        ] 	at org.gradle.launcher.daemon.server.exec.LogAn
dCheckHealth.execute(LogAndCheckHealth.java:64)
[        ] 	at org.gradle.launcher.daemon.server.api.Daemon
CommandExecution.proceed(DaemonCommandExecution.java:104)
[        ] 	at org.gradle.launcher.daemon.server.exec.LogTo
Client.doBuild(LogToClient.java:63)
[        ] 	at org.gradle.launcher.daemon.server.exec.Build
CommandOnly.execute(BuildCommandOnly.java:37)
[        ] 	at org.gradle.launcher.daemon.server.api.Daemon
CommandExecution.proceed(DaemonCommandExecution.java:104)
[        ] 	at org.gradle.launcher.daemon.server.exec.Estab
lishBuildEnvironment.doBuild(EstablishBuildEnvironment.java
:84)
[        ] 	at org.gradle.launcher.daemon.server.exec.Build
CommandOnly.execute(BuildCommandOnly.java:37)
[        ] 	at org.gradle.launcher.daemon.server.api.Daemon
CommandExecution.proceed(DaemonCommandExecution.java:104)
[        ] 	at org.gradle.launcher.daemon.server.exec.Start
BuildOrRespondWithBusy$1.run(StartBuildOrRespondWithBusy.ja
va:52)
[        ] 	at org.gradle.launcher.daemon.server.DaemonStat
eCoordinator.lambda$runCommand$0(DaemonStateCoordinator.jav
a:321)
[        ] 	at org.gradle.internal.concurrent.ExecutorPolic
y$CatchAndRecordFailures.onExecute(ExecutorPolicy.java:64)
[        ] 	at org.gradle.internal.concurrent.AbstractManag
edExecutor$1.run(AbstractManagedExecutor.java:48)
[        ] 	at java.base/java.util.concurrent.ThreadPoolExe
cutor.runWorker(Unknown Source)
[        ] 	at java.base/java.util.concurrent.ThreadPoolExe
cutor$Worker.run(Unknown Source)
[        ] 	at java.base/java.lang.Thread.run(Unknown 
Source)
[        ] Caused by: 
org.gradle.api.reflect.ObjectInstantiationException: Could 
not create an instance of type com.android.build.api.varian
t.impl.LibraryVariantBuilderImpl.
[ +254 ms] 	at org.gradle.internal.instantiation.generator.
DependencyInjectingInstantiator.doCreate(DependencyInjectin
gInstantiator.java:67)
[        ] 	at org.gradle.internal.instantiation.generator.
DependencyInjectingInstantiator.newInstance(DependencyInjec
tingInstantiator.java:53)
[        ] 	at org.gradle.api.internal.model.DefaultObjectF
actory.newInstance(DefaultObjectFactory.java:99)
[        ] 	at com.android.build.gradle.internal.services.B
aseServicesImpl.newInstance(BaseServicesImpl.kt:34)
[        ] 	at com.android.build.gradle.internal.variant.Li
braryVariantFactory.createVariantBuilder(LibraryVariantFact
ory.kt:69)
[        ] 	at com.android.build.gradle.internal.variant.Li
braryVariantFactory.createVariantBuilder(LibraryVariantFact
ory.kt:57)
[        ] 	at com.android.build.gradle.internal.VariantMan
ager.createVariant(VariantManager.kt:306)
[        ] 	at com.android.build.gradle.internal.VariantMan
ager.createVariantsFromCombination(VariantManager.kt:849)
[        ] 	at com.android.build.gradle.internal.VariantMan
ager.computeVariants(VariantManager.kt:231)
[        ] 	at com.android.build.gradle.internal.VariantMan
ager.createVariants(VariantManager.kt:192)
[        ] 	at com.android.build.gradle.internal.plugins.Ba
sePlugin.createAndroidTasks(BasePlugin.kt:740)
[        ] 	at com.android.build.gradle.internal.plugins.Ba
sePlugin$createTasks$2$1.call(BasePlugin.kt:612)
[        ] 	at com.android.build.gradle.internal.profile.No
OpAnalyticsConfiguratorService.recordBlock(NoOpAnalyticsCon
figuratorService.kt:57)
[        ] 	at com.android.build.gradle.internal.plugins.Ba
sePlugin$createTasks$2.accept(BasePlugin.kt:607)
[        ] 	at com.android.build.gradle.internal.plugins.Ba
sePlugin$createTasks$2.accept(BasePlugin.kt:604)
[        ] 	at com.android.build.gradle.internal.crash.Cras
hReporting$afterEvaluate$1.execute(crash_reporting.kt:37)
[        ] 	at com.android.build.gradle.internal.crash.Cras
hReporting$afterEvaluate$1.execute(crash_reporting.kt:35)
[        ] 	at org.gradle.internal.code.DefaultUserCodeAppl
icationContext$CurrentApplication$1.execute(DefaultUserCode
ApplicationContext.java:124)
[        ] 	at org.gradle.configuration.internal.DefaultLis
tenerBuildOperationDecorator$BuildOperationEmittingAction$1
.run(DefaultListenerBuildOperationDecorator.java:173)
[        ] 	at org.gradle.internal.operations.DefaultBuildO
perationRunner$1.execute(DefaultBuildOperationRunner.java:3
0)
[        ] 	at org.gradle.internal.operations.DefaultBuildO
perationRunner$1.execute(DefaultBuildOperationRunner.java:2
7)
[        ] 	at org.gradle.internal.operations.DefaultBuildO
perationRunner$2.execute(DefaultBuildOperationRunner.java:6
7)
[        ] 	at org.gradle.internal.operations.DefaultBuildO
perationRunner$2.execute(DefaultBuildOperationRunner.java:6
0)
[        ] 	at org.gradle.internal.operations.DefaultBuildO
perationRunner.execute(DefaultBuildOperationRunner.java:167
)
[        ] 	at org.gradle.internal.operations.DefaultBuildO
perationRunner.execute(DefaultBuildOperationRunner.java:60)
[        ] 	at org.gradle.internal.operations.DefaultBuildO
perationRunner.run(DefaultBuildOperationRunner.java:48)
[        ] 	at org.gradle.configuration.internal.DefaultLis
tenerBuildOperationDecorator$BuildOperationEmittingAction.e
xecute(DefaultListenerBuildOperationDecorator.java:170)
[        ] 	at org.gradle.internal.event.BroadcastDispatch$
ActionInvocationHandler.dispatch(BroadcastDispatch.java:99)
[        ] 	at org.gradle.internal.event.BroadcastDispatch$
ActionInvocationHandler.dispatch(BroadcastDispatch.java:87)
[        ] 	at org.gradle.internal.event.AbstractBroadcastD
ispatch.dispatch(AbstractBroadcastDispatch.java:44)
[        ] 	at org.gradle.internal.event.BroadcastDispatch$
SingletonDispatch.dispatch(BroadcastDispatch.java:268)
[        ] 	at org.gradle.internal.event.BroadcastDispatch$
SingletonDispatch.dispatch(BroadcastDispatch.java:170)
[        ] 	at org.gradle.internal.event.AbstractBroadcastD
ispatch.dispatch(AbstractBroadcastDispatch.java:84)
[        ] 	at org.gradle.internal.event.AbstractBroadcastD
ispatch.dispatch(AbstractBroadcastDispatch.java:70)
[        ] 	at org.gradle.internal.event.BroadcastDispatch$
CompositeDispatch.dispatch(BroadcastDispatch.java:380)
[        ] 	at org.gradle.internal.event.BroadcastDispatch$
CompositeDispatch.dispatch(BroadcastDispatch.java:272)
[        ] 	at org.gradle.internal.event.ListenerBroadcast.
dispatch(ListenerBroadcast.java:160)
[        ] 	at org.gradle.internal.event.ListenerBroadcast.
dispatch(ListenerBroadcast.java:37)
[        ] 	at org.gradle.internal.dispatch.ProxyDispatchAd
apter$DispatchingInvocationHandler.invoke(ProxyDispatchAdap
ter.java:92)
[        ] 	at 
jdk.proxy1/jdk.proxy1.$Proxy79.afterEvaluate(Unknown 
Source)
[        ] 	at org.gradle.configuration.project.LifecyclePr
ojectEvaluator$NotifyAfterEvaluate$1.execute(LifecycleProje
ctEvaluator.java:247)
[        ] 	at org.gradle.configuration.project.LifecyclePr
ojectEvaluator$NotifyAfterEvaluate$1.execute(LifecycleProje
ctEvaluator.java:244)
[        ] 	at org.gradle.api.internal.project.DefaultProje
ct.stepEvaluationListener(DefaultProject.java:1603)
[        ] 	at org.gradle.configuration.project.LifecyclePr
ojectEvaluator$NotifyAfterEvaluate.run(LifecycleProjectEval
uator.java:253)
[        ] 	at org.gradle.internal.operations.DefaultBuildO
perationRunner$1.execute(DefaultBuildOperationRunner.java:3
0)
[        ] 	at org.gradle.internal.operations.DefaultBuildO
perationRunner$1.execute(DefaultBuildOperationRunner.java:2
7)
[        ] 	at org.gradle.internal.operations.DefaultBuildO
perationRunner$2.execute(DefaultBuildOperationRunner.java:6
7)
[        ] 	at org.gradle.internal.operations.DefaultBuildO
perationRunner$2.execute(DefaultBuildOperationRunner.java:6
0)
[        ] 	at org.gradle.internal.operations.DefaultBuildO
perationRunner.execute(DefaultBuildOperationRunner.java:167
)
[        ] 	at org.gradle.internal.operations.DefaultBuildO
perationRunner.execute(DefaultBuildOperationRunner.java:60)
[        ] 	at org.gradle.internal.operations.DefaultBuildO
perationRunner.run(DefaultBuildOperationRunner.java:48)
[        ] 	at org.gradle.configuration.project.LifecyclePr
ojectEvaluator$EvaluateProject.lambda$run$0(LifecycleProjec
tEvaluator.java:114)
[        ] 	at org.gradle.api.internal.project.DefaultProje
ctStateRegistry$ProjectStateImpl.lambda$applyToMutableState
$1(DefaultProjectStateRegistry.java:435)
[        ] 	at org.gradle.api.internal.project.DefaultProje
ctStateRegistry$ProjectStateImpl.lambda$fromMutableState$2(
DefaultProjectStateRegistry.java:458)
[        ] 	at org.gradle.internal.work.DefaultWorkerLeaseS
ervice.withReplacedLocks(DefaultWorkerLeaseService.java:359
)
[        ] 	at org.gradle.api.internal.project.DefaultProje
ctStateRegistry$ProjectStateImpl.fromMutableState(DefaultPr
ojectStateRegistry.java:458)
[        ] 	at org.gradle.api.internal.project.DefaultProje
ctStateRegistry$ProjectStateImpl.applyToMutableState(Defaul
tProjectStateRegistry.java:434)
[        ] 	at org.gradle.configuration.project.LifecyclePr
ojectEvaluator$EvaluateProject.run(LifecycleProjectEvaluato
r.java:100)
[        ] 	at org.gradle.internal.operations.DefaultBuildO
perationRunner$1.execute(DefaultBuildOperationRunner.java:3
0)
[        ] 	at org.gradle.internal.operations.DefaultBuildO
perationRunner$1.execute(DefaultBuildOperationRunner.java:2
7)
[        ] 	at org.gradle.internal.operations.DefaultBuildO
perationRunner$2.execute(DefaultBuildOperationRunner.java:6
7)
[        ] 	at org.gradle.internal.operations.DefaultBuildO
perationRunner$2.execute(DefaultBuildOperationRunner.java:6
0)
[        ] 	at org.gradle.internal.operations.DefaultBuildO
perationRunner.execute(DefaultBuildOperationRunner.java:167
)
[        ] 	at org.gradle.internal.operations.DefaultBuildO
perationRunner.execute(DefaultBuildOperationRunner.java:60)
[        ] 	at org.gradle.internal.operations.DefaultBuildO
perationRunner.run(DefaultBuildOperationRunner.java:48)
[        ] 	at org.gradle.configuration.project.LifecyclePr
ojectEvaluator.evaluate(LifecycleProjectEvaluator.java:72)
[        ] 	at org.gradle.api.internal.project.DefaultProje
ct.evaluateUnchecked(DefaultProject.java:827)
[        ] 	at org.gradle.api.internal.project.ProjectLifec
ycleController.lambda$ensureSelfConfigured$2(ProjectLifecyc
leController.java:88)
[        ] 	at org.gradle.internal.model.StateTransitionCon
troller.lambda$doTransition$14(StateTransitionController.ja
va:255)
[        ] 	at org.gradle.internal.model.StateTransitionCon
troller.doTransition(StateTransitionController.java:266)
[        ] 	at org.gradle.internal.model.StateTransitionCon
troller.doTransition(StateTransitionController.java:254)
[        ] 	at org.gradle.internal.model.StateTransitionCon
troller.lambda$maybeTransitionIfNotCurrentlyTransitioning$1
0(StateTransitionController.java:199)
[        ] 	at org.gradle.internal.work.DefaultSynchronizer
.withLock(DefaultSynchronizer.java:36)
[        ] 	at org.gradle.internal.model.StateTransitionCon
troller.maybeTransitionIfNotCurrentlyTransitioning(StateTra
nsitionController.java:195)
[        ] 	at org.gradle.api.internal.project.ProjectLifec
ycleController.ensureSelfConfigured(ProjectLifecycleControl
ler.java:88)
[        ] 	at org.gradle.api.internal.project.DefaultProje
ctStateRegistry$ProjectStateImpl.ensureConfigured(DefaultPr
ojectStateRegistry.java:400)
[        ] 	at org.gradle.execution.TaskPathProjectEvaluato
r.configure(TaskPathProjectEvaluator.java:70)
[        ] 	at org.gradle.execution.TaskPathProjectEvaluato
r.configureHierarchy(TaskPathProjectEvaluator.java:86)
[        ] 	at org.gradle.configuration.DefaultProjectsPrep
arer.prepareProjects(DefaultProjectsPreparer.java:50)
[        ] 	at org.gradle.configuration.BuildTreePreparingP
rojectsPreparer.prepareProjects(BuildTreePreparingProjectsP
reparer.java:65)
[        ] 	at org.gradle.configuration.BuildOperationFirin
gProjectsPreparer$ConfigureBuild.run(BuildOperationFiringPr
ojectsPreparer.java:52)
[        ] 	at org.gradle.internal.operations.DefaultBuildO
perationRunner$1.execute(DefaultBuildOperationRunner.java:3
0)
[        ] 	at org.gradle.internal.operations.DefaultBuildO
perationRunner$1.execute(DefaultBuildOperationRunner.java:2
7)
[        ] 	at org.gradle.internal.operations.DefaultBuildO
perationRunner$2.execute(DefaultBuildOperationRunner.java:6
7)
[        ] 	at org.gradle.internal.operations.DefaultBuildO
perationRunner$2.execute(DefaultBuildOperationRunner.java:6
0)
[        ] 	at org.gradle.internal.operations.DefaultBuildO
perationRunner.execute(DefaultBuildOperationRunner.java:167
)
[        ] 	at org.gradle.internal.operations.DefaultBuildO
perationRunner.execute(DefaultBuildOperationRunner.java:60)
[        ] 	at org.gradle.internal.operations.DefaultBuildO
perationRunner.run(DefaultBuildOperationRunner.java:48)
[        ] 	at org.gradle.configuration.BuildOperationFirin
gProjectsPreparer.prepareProjects(BuildOperationFiringProje
ctsPreparer.java:40)
[        ] 	at org.gradle.initialization.VintageBuildModelC
ontroller.lambda$prepareProjects$2(VintageBuildModelControl
ler.java:84)
[        ] 	at org.gradle.internal.model.StateTransitionCon
troller.lambda$doTransition$14(StateTransitionController.ja
va:255)
[        ] 	at org.gradle.internal.model.StateTransitionCon
troller.doTransition(StateTransitionController.java:266)
[        ] 	at org.gradle.internal.model.StateTransitionCon
troller.doTransition(StateTransitionController.java:254)
[        ] 	at org.gradle.internal.model.StateTransitionCon
troller.lambda$transitionIfNotPreviously$11(StateTransition
Controller.java:213)
[        ] 	at org.gradle.internal.work.DefaultSynchronizer
.withLock(DefaultSynchronizer.java:36)
[        ] 	at org.gradle.internal.model.StateTransitionCon
troller.transitionIfNotPreviously(StateTransitionController
.java:209)
[        ] 	at org.gradle.initialization.VintageBuildModelC
ontroller.prepareProjects(VintageBuildModelController.java:
84)
[        ] 	at org.gradle.initialization.VintageBuildModelC
ontroller.prepareToScheduleTasks(VintageBuildModelControlle
r.java:71)
[        ] 	at org.gradle.internal.build.DefaultBuildLifecy
cleController.lambda$prepareToScheduleTasks$6(DefaultBuildL
ifecycleController.java:175)
[        ] 	at org.gradle.internal.model.StateTransitionCon
troller.lambda$doTransition$14(StateTransitionController.ja
va:255)
[        ] 	at org.gradle.internal.model.StateTransitionCon
troller.doTransition(StateTransitionController.java:266)
[        ] 	at org.gradle.internal.model.StateTransitionCon
troller.doTransition(StateTransitionController.java:254)
[        ] 	at org.gradle.internal.model.StateTransitionCon
troller.lambda$maybeTransition$9(StateTransitionController.
java:190)
[        ] 	at org.gradle.internal.work.DefaultSynchronizer
.withLock(DefaultSynchronizer.java:36)
[        ] 	at org.gradle.internal.model.StateTransitionCon
troller.maybeTransition(StateTransitionController.java:186)
[        ] 	at org.gradle.internal.build.DefaultBuildLifecy
cleController.prepareToScheduleTasks(DefaultBuildLifecycleC
ontroller.java:173)
[        ] 	at org.gradle.internal.buildtree.DefaultBuildTr
eeWorkPreparer.scheduleRequestedTasks(DefaultBuildTreeWorkP
reparer.java:36)
[        ] 	at org.gradle.internal.cc.impl.VintageBuildTree
WorkController$scheduleAndRunRequestedTasks$1.apply(Vintage
BuildTreeWorkController.kt:36)
[        ] 	at org.gradle.internal.cc.impl.VintageBuildTree
WorkController$scheduleAndRunRequestedTasks$1.apply(Vintage
BuildTreeWorkController.kt:35)
[        ] 	at org.gradle.composite.internal.DefaultInclude
dBuildTaskGraph.withNewWorkGraph(DefaultIncludedBuildTaskGr
aph.java:112)
[        ] 	at org.gradle.internal.cc.impl.VintageBuildTree
WorkController.scheduleAndRunRequestedTasks(VintageBuildTre
eWorkController.kt:35)
[        ] 	at org.gradle.internal.buildtree.DefaultBuildTr
eeLifecycleController.lambda$scheduleAndRunTasks$1(DefaultB
uildTreeLifecycleController.java:77)
[        ] 	at org.gradle.internal.buildtree.DefaultBuildTr
eeLifecycleController.lambda$runBuild$4(DefaultBuildTreeLif
ecycleController.java:120)
[        ] 	at org.gradle.internal.model.StateTransitionCon
troller.lambda$transition$6(StateTransitionController.java:
169)
[        ] 	at org.gradle.internal.model.StateTransitionCon
troller.doTransition(StateTransitionController.java:266)
[        ] 	at org.gradle.internal.model.StateTransitionCon
troller.lambda$transition$7(StateTransitionController.java:
169)
[        ] 	at org.gradle.internal.work.DefaultSynchronizer
.withLock(DefaultSynchronizer.java:46)
[        ] 	at org.gradle.internal.model.StateTransitionCon
troller.transition(StateTransitionController.java:169)
[        ] 	at org.gradle.internal.buildtree.DefaultBuildTr
eeLifecycleController.runBuild(DefaultBuildTreeLifecycleCon
troller.java:117)
[        ] 	at org.gradle.internal.buildtree.DefaultBuildTr
eeLifecycleController.scheduleAndRunTasks(DefaultBuildTreeL
ifecycleController.java:77)
[        ] 	at org.gradle.internal.buildtree.DefaultBuildTr
eeLifecycleController.scheduleAndRunTasks(DefaultBuildTreeL
ifecycleController.java:72)
[        ] 	at org.gradle.tooling.internal.provider.Execute
BuildActionRunner.run(ExecuteBuildActionRunner.java:31)
[        ] 	at org.gradle.launcher.exec.ChainingBuildAction
Runner.run(ChainingBuildActionRunner.java:35)
[        ] 	at org.gradle.internal.buildtree.ProblemReporti
ngBuildActionRunner.run(ProblemReportingBuildActionRunner.j
ava:49)
[        ] 	at org.gradle.launcher.exec.BuildOutcomeReporti
ngBuildActionRunner.run(BuildOutcomeReportingBuildActionRun
ner.java:71)
[        ] 	at org.gradle.tooling.internal.provider.FileSys
temWatchingBuildActionRunner.run(FileSystemWatchingBuildAct
ionRunner.java:135)
[        ] 	at org.gradle.launcher.exec.BuildCompletionNoti
fyingBuildActionRunner.run(BuildCompletionNotifyingBuildAct
ionRunner.java:41)
[        ] 	at org.gradle.launcher.exec.RootBuildLifecycleB
uildActionExecutor.lambda$execute$0(RootBuildLifecycleBuild
ActionExecutor.java:54)
[        ] 	at org.gradle.composite.internal.DefaultRootBui
ldState.run(DefaultRootBuildState.java:130)
[        ] 	at org.gradle.launcher.exec.RootBuildLifecycleB
uildActionExecutor.execute(RootBuildLifecycleBuildActionExe
cutor.java:54)
[        ] 	at org.gradle.internal.buildtree.InitDeprecatio
nLoggingActionExecutor.execute(InitDeprecationLoggingAction
Executor.java:62)
[        ] 	at org.gradle.internal.buildtree.InitProblems.e
xecute(InitProblems.java:36)
[        ] 	at org.gradle.internal.buildtree.DefaultBuildTr
eeContext.execute(DefaultBuildTreeContext.java:40)
[        ] 	at org.gradle.launcher.exec.BuildTreeLifecycleB
uildActionExecutor.lambda$execute$0(BuildTreeLifecycleBuild
ActionExecutor.java:71)
[        ] 	at org.gradle.internal.buildtree.BuildTreeState
.run(BuildTreeState.java:60)
[        ] 	at org.gradle.launcher.exec.BuildTreeLifecycleB
uildActionExecutor.execute(BuildTreeLifecycleBuildActionExe
cutor.java:71)
[        ] 	at org.gradle.launcher.exec.RunAsBuildOperation
BuildActionExecutor$2.call(RunAsBuildOperationBuildActionEx
ecutor.java:67)
[        ] 	at org.gradle.launcher.exec.RunAsBuildOperation
BuildActionExecutor$2.call(RunAsBuildOperationBuildActionEx
ecutor.java:63)
[        ] 	at org.gradle.internal.operations.DefaultBuildO
perationRunner$CallableBuildOperationWorker.execute(Default
BuildOperationRunner.java:210)
[        ] 	at org.gradle.internal.operations.DefaultBuildO
perationRunner$CallableBuildOperationWorker.execute(Default
BuildOperationRunner.java:205)
[        ] 	at org.gradle.internal.operations.DefaultBuildO
perationRunner$2.execute(DefaultBuildOperationRunner.java:6
7)
[        ] 	at org.gradle.internal.operations.DefaultBuildO
perationRunner$2.execute(DefaultBuildOperationRunner.java:6
0)
[        ] 	at org.gradle.internal.operations.DefaultBuildO
perationRunner.execute(DefaultBuildOperationRunner.java:167
)
[        ] 	at org.gradle.internal.operations.DefaultBuildO
perationRunner.execute(DefaultBuildOperationRunner.java:60)
[        ] 	at org.gradle.internal.operations.DefaultBuildO
perationRunner.call(DefaultBuildOperationRunner.java:54)
[        ] 	at org.gradle.launcher.exec.RunAsBuildOperation
BuildActionExecutor.execute(RunAsBuildOperationBuildActionE
xecutor.java:63)
[        ] 	at org.gradle.launcher.exec.RunAsWorkerThreadBu
ildActionExecutor.lambda$execute$0(RunAsWorkerThreadBuildAc
tionExecutor.java:36)
[        ] 	at org.gradle.internal.work.DefaultWorkerLeaseS
ervice.withLocks(DefaultWorkerLeaseService.java:263)
[        ] 	at org.gradle.internal.work.DefaultWorkerLeaseS
ervice.runAsWorkerThread(DefaultWorkerLeaseService.java:127
)
[        ] 	at org.gradle.launcher.exec.RunAsWorkerThreadBu
ildActionExecutor.execute(RunAsWorkerThreadBuildActionExecu
tor.java:36)
[        ] 	at org.gradle.tooling.internal.provider.continu
ous.ContinuousBuildActionExecutor.execute(ContinuousBuildAc
tionExecutor.java:110)
[        ] 	at org.gradle.tooling.internal.provider.Subscri
bableBuildActionExecutor.execute(SubscribableBuildActionExe
cutor.java:64)
[        ] 	at org.gradle.internal.session.DefaultBuildSess
ionContext.execute(DefaultBuildSessionContext.java:46)
[        ] 	at org.gradle.internal.buildprocess.execution.B
uildSessionLifecycleBuildActionExecutor$ActionImpl.apply(Bu
ildSessionLifecycleBuildActionExecutor.java:92)
[        ] 	at org.gradle.internal.buildprocess.execution.B
uildSessionLifecycleBuildActionExecutor$ActionImpl.apply(Bu
ildSessionLifecycleBuildActionExecutor.java:80)
[        ] 	at org.gradle.internal.session.BuildSessionStat
e.run(BuildSessionState.java:73)
[        ] 	at org.gradle.internal.buildprocess.execution.B
uildSessionLifecycleBuildActionExecutor.execute(BuildSessio
nLifecycleBuildActionExecutor.java:62)
[        ] 	at org.gradle.internal.buildprocess.execution.B
uildSessionLifecycleBuildActionExecutor.execute(BuildSessio
nLifecycleBuildActionExecutor.java:41)
[        ] 	at org.gradle.internal.buildprocess.execution.S
tartParamsValidatingActionExecutor.execute(StartParamsValid
atingActionExecutor.java:64)
[        ] 	at org.gradle.internal.buildprocess.execution.S
tartParamsValidatingActionExecutor.execute(StartParamsValid
atingActionExecutor.java:32)
[        ] 	at org.gradle.internal.buildprocess.execution.S
essionFailureReportingActionExecutor.execute(SessionFailure
ReportingActionExecutor.java:51)
[        ] 	at org.gradle.internal.buildprocess.execution.S
essionFailureReportingActionExecutor.execute(SessionFailure
ReportingActionExecutor.java:39)
[        ] 	at org.gradle.internal.buildprocess.execution.S
etupLoggingActionExecutor.execute(SetupLoggingActionExecuto
r.java:47)
[        ] 	at org.gradle.internal.buildprocess.execution.S
etupLoggingActionExecutor.execute(SetupLoggingActionExecuto
r.java:31)
[        ] 	at org.gradle.launcher.daemon.server.exec.Execu
teBuild.doBuild(ExecuteBuild.java:70)
[        ] 	at org.gradle.launcher.daemon.server.exec.Build
CommandOnly.execute(BuildCommandOnly.java:37)
[        ] 	at org.gradle.launcher.daemon.server.api.Daemon
CommandExecution.proceed(DaemonCommandExecution.java:104)
[        ] 	at org.gradle.launcher.daemon.server.exec.Watch
ForDisconnection.execute(WatchForDisconnection.java:39)
[        ] 	at org.gradle.launcher.daemon.server.api.Daemon
CommandExecution.proceed(DaemonCommandExecution.java:104)
[        ] 	at org.gradle.launcher.daemon.server.exec.Reset
DeprecationLogger.execute(ResetDeprecationLogger.java:29)
[        ] 	at org.gradle.launcher.daemon.server.api.Daemon
CommandExecution.proceed(DaemonCommandExecution.java:104)
[        ] 	at org.gradle.launcher.daemon.server.exec.Reque
stStopIfSingleUsedDaemon.execute(RequestStopIfSingleUsedDae
mon.java:35)
[        ] 	at org.gradle.launcher.daemon.server.api.Daemon
CommandExecution.proceed(DaemonCommandExecution.java:104)
[        ] 	at org.gradle.launcher.daemon.server.exec.Forwa
rdClientInput.lambda$execute$0(ForwardClientInput.java:40)
[        ] 	at org.gradle.internal.daemon.clientinput.Clien
tInputForwarder.forwardInput(ClientInputForwarder.java:80)
[        ] 	at org.gradle.launcher.daemon.server.exec.Forwa
rdClientInput.execute(ForwardClientInput.java:37)
[        ] 	at org.gradle.launcher.daemon.server.api.Daemon
CommandExecution.proceed(DaemonCommandExecution.java:104)
[        ] 	at org.gradle.launcher.daemon.server.exec.LogAn
dCheckHealth.execute(LogAndCheckHealth.java:64)
[        ] 	at org.gradle.launcher.daemon.server.api.Daemon
CommandExecution.proceed(DaemonCommandExecution.java:104)
[        ] 	at org.gradle.launcher.daemon.server.exec.LogTo
Client.doBuild(LogToClient.java:63)
[        ] 	at org.gradle.launcher.daemon.server.exec.Build
CommandOnly.execute(BuildCommandOnly.java:37)
[        ] 	at org.gradle.launcher.daemon.server.api.Daemon
CommandExecution.proceed(DaemonCommandExecution.java:104)
[        ] 	at org.gradle.launcher.daemon.server.exec.Estab
lishBuildEnvironment.doBuild(EstablishBuildEnvironment.java
:84)
[        ] 	at org.gradle.launcher.daemon.server.exec.Build
CommandOnly.execute(BuildCommandOnly.java:37)
[        ] 	at org.gradle.launcher.daemon.server.api.Daemon
CommandExecution.proceed(DaemonCommandExecution.java:104)
[        ] 	at org.gradle.launcher.daemon.server.exec.Start
BuildOrRespondWithBusy$1.run(StartBuildOrRespondWithBusy.ja
va:52)
[        ] 	at org.gradle.launcher.daemon.server.DaemonStat
eCoordinator.lambda$runCommand$0(DaemonStateCoordinator.jav
a:321)
[        ] 	at org.gradle.internal.concurrent.ExecutorPolic
y$CatchAndRecordFailures.onExecute(ExecutorPolicy.java:64)
[        ] 	at org.gradle.internal.concurrent.AbstractManag
edExecutor$1.run(AbstractManagedExecutor.java:48)
[        ] 	at java.base/java.util.concurrent.ThreadPoolExe
cutor.runWorker(Unknown Source)
[        ] 	at java.base/java.util.concurrent.ThreadPoolExe
cutor$Worker.run(Unknown Source)
[        ] 	at java.base/java.lang.Thread.run(Unknown 
Source)
[        ] Caused by: 
com.android.builder.errors.EvalIssueException: Namespace 
not specified. Specify a namespace in the module's build 
file: C:\Users\andre\AppData\Local\Pub\Cache\hosted\pub.dev
\blue_thermal_printer-1.2.3\android\build.gradle. See https
://d.android.com/r/tools/upgrade-assistant/set-namespace 
for information about setting the namespace.
[        ] If you've specified the package attribute in 
the source AndroidManifest.xml, you can use the AGP 
Upgrade Assistant to migrate to the namespace value in the 
build file. Refer to https://d.android.com/r/tools/upgrade-
assistant/agp-upgrade-assistant for general information 
about using the AGP Upgrade Assistant.
[        ] 	at com.android.builder.errors.IssueReporter.rep
ortError(IssueReporter.kt:119)
[        ] 	at com.android.builder.errors.IssueReporter.rep
ortError$default(IssueReporter.kt:114)
[        ] 	at com.android.build.gradle.internal.core.dsl.i
mpl.VariantDslInfoImpl.getNamespace(VariantDslInfoImpl.kt:9
2)
[        ] 	at com.android.build.gradle.internal.core.dsl.i
mpl.VariantDslInfoImpl.initApplicationId(VariantDslInfoImpl
.kt:131)
[        ] 	at com.android.build.gradle.internal.core.dsl.i
mpl.VariantDslInfoImpl.access$initApplicationId(VariantDslI
nfoImpl.kt:37)
[        ] 	at com.android.build.gradle.internal.core.dsl.i
mpl.VariantDslInfoImpl$applicationId$2.invoke(VariantDslInf
oImpl.kt:100)
[        ] 	at com.android.build.gradle.internal.core.dsl.i
mpl.VariantDslInfoImpl$applicationId$2.invoke(VariantDslInf
oImpl.kt:97)
[        ] Deprecated Gradle features were used in this build, making it incompatible with Gradle 9.0.
[        ] You can use '--warning-mode all' to show the individual deprecation warnings and determine if they come from your own scripts or plugins.
[        ] For more on this, please refer to https://docs.gradle.org/8.14/userguide/command_line_interface.html#sec:command_line_warnings in the Gradle documentation.
[        ] 4 actionable tasks: 4 up-to-date
[        ] Watched directory hierarchies: [D:\THABATA\DEVELOP\flutter\packages\flutter_tools\gradle]
[        ] 	at 
kotlin.SynchronizedLazyImpl.getValue(LazyJVM.kt:74)
[        ] 	at com.android.build.gradle.internal.core.dsl.i
mpl.VariantDslInfoImpl.getApplicationId(VariantDslInfoImpl.
kt:97)
[        ] 	at com.android.build.gradle.internal.core.dsl.i
mpl.ComponentDslInfoImpl$mergedFlavor$2.invoke(ComponentDsl
InfoImpl.kt:71)
[        ] 	at com.android.build.gradle.internal.core.dsl.i
mpl.ComponentDslInfoImpl$mergedFlavor$2.invoke(ComponentDsl
InfoImpl.kt:67)
[        ] 	at 
kotlin.SynchronizedLazyImpl.getValue(LazyJVM.kt:74)
[        ] 	at com.android.build.gradle.internal.core.dsl.i
mpl.ComponentDslInfoImpl.getMergedFlavor(ComponentDslInfoIm
pl.kt:67)
[        ] 	at com.android.build.gradle.internal.core.dsl.i
mpl.VariantDslInfoImpl.getMinSdkVersion(VariantDslInfoImpl.
kt:63)
[        ] 	at com.android.build.api.variant.impl.VariantBu
ilderImpl.<init>(VariantBuilderImpl.kt:48)
[        ] 	at com.android.build.api.variant.impl.LibraryVa
riantBuilderImpl.<init>(LibraryVariantBuilderImpl.kt:39)
[        ] 	at com.android.build.api.variant.impl.LibraryVa
riantBuilderImpl_Decorated.<init>(Unknown Source)
[        ] 	at java.base/jdk.internal.reflect.DirectConstru
ctorHandleAccessor.newInstance(Unknown Source)
[        ] 	at java.base/java.lang.reflect.Constructor.newI
nstanceWithCaller(Unknown Source)
[        ] 	at java.base/java.lang.reflect.Constructor.newI
nstance(Unknown Source)
[        ] 	at org.gradle.internal.instantiation.generator.
AsmBackedClassGenerator$InvokeConstructorStrategy.newInstan
ce(AsmBackedClassGenerator.java:2138)
[        ] 	at org.gradle.internal.instantiation.generator.
AbstractClassGenerator$GeneratedClassImpl$GeneratedConstruc
torImpl.newInstance(AbstractClassGenerator.java:546)
[        ] 	at org.gradle.internal.instantiation.generator.
DependencyInjectingInstantiator.doCreate(DependencyInjectin
gInstantiator.java:62)
[        ] 	... 191 more
[        ] BUILD FAILED in 2s
[  +70 ms] Running Gradle task 'assembleRelease'... (completed in 2.625ms)
[  +80 ms] "flutter apk" took 3.911ms.
[ +102 ms] Gradle task assembleRelease failed with exit 
code 1
[        ] 
           #0      throwToolExit 
(package:flutter_tools/src/base/common.dart:34:3)
           #1      AndroidGradleBuilder.buildGradleApp 
(package:flutter_tools/src/android/gradle.dart:592:7)
           <asynchronous suspension>
           #2      AndroidGradleBuilder.buildApk 
(package:flutter_tools/src/android/gradle.dart:234:5)
           <asynchronous suspension>
           #3      BuildApkCommand.runCommand 
(package:flutter_tools/src/commands/build_apk.dart:131:5)
           <asynchronous suspension>
           #4      FlutterCommand.run.<anonymous closure> (
package:flutter_tools/src/runner/flutter_command.dart:1559:
27)
           <asynchronous suspension>
           #5      AppContext.run.<anonymous closure> 
(package:flutter_tools/src/base/context.dart:154:19)
           <asynchronous suspension>
           #6      CommandRunner.runCommand 
(package:args/command_runner.dart:212:13)
           <asynchronous suspension>
           #7      
FlutterCommandRunner.runCommand.<anonymous closure> (packag
e:flutter_tools/src/runner/flutter_command_runner.dart:487:
9)
           <asynchronous suspension>
           #8      AppContext.run.<anonymous closure> 
(package:flutter_tools/src/base/context.dart:154:19)
           <asynchronous suspension>
           #9      FlutterCommandRunner.runCommand (package
:flutter_tools/src/runner/flutter_command_runner.dart:422:5
)
           <asynchronous suspension>
           #10     run.<anonymous closure>.<anonymous 
closure> (package:flutter_tools/runner.dart:104:11)
           <asynchronous suspension>
           #11     AppContext.run.<anonymous closure> 
(package:flutter_tools/src/base/context.dart:154:19)
           <asynchronous suspension>
           #12     main 
(package:flutter_tools/executable.dart:103:3)
           <asynchronous suspension>


[        ] Running 1 shutdown hook
[   +2 ms] Shutdown hooks complete
[ +170 ms] exiting with code 1
